[debug] [2024-05-05T17:47:51.324Z] ----------------------------------------------------------------------
[debug] [2024-05-05T17:47:51.329Z] Command:       C:\Program Files\nodejs\node.exe C:\Users\ADNAN\AppData\Roaming\npm\node_modules\firebase-tools\lib\bin\firebase.js deploy
[debug] [2024-05-05T17:47:51.329Z] CLI Version:   13.5.2
[debug] [2024-05-05T17:47:51.330Z] Platform:      win32
[debug] [2024-05-05T17:47:51.330Z] Node Version:  v21.7.1
[debug] [2024-05-05T17:47:51.330Z] Time:          Sun May 05 2024 23:47:51 GMT+0600 (Bangladesh Standard Time)
[debug] [2024-05-05T17:47:51.330Z] ----------------------------------------------------------------------
[debug] 
[debug] [2024-05-05T17:47:51.336Z] >>> [apiv2][query] GET https://firebase-public.firebaseio.com/cli.json [none]
[debug] [2024-05-05T17:47:51.525Z] > command requires scopes: ["email","openid","https://www.googleapis.com/auth/cloudplatformprojects.readonly","https://www.googleapis.com/auth/firebase","https://www.googleapis.com/auth/cloud-platform"]
[debug] [2024-05-05T17:47:51.525Z] > authorizing via signed-in user (openitedu.bd@gmail.com)
[debug] [2024-05-05T17:47:51.525Z] [iam] checking project adnanal-emran for permissions ["firebase.projects.get","firebasehosting.sites.update"]
[debug] [2024-05-05T17:47:51.527Z] > refreshing access token with scopes: []
[debug] [2024-05-05T17:47:51.529Z] >>> [apiv2][query] POST https://www.googleapis.com/oauth2/v3/token [none]
[debug] [2024-05-05T17:47:51.529Z] >>> [apiv2][body] POST https://www.googleapis.com/oauth2/v3/token [omitted]
[debug] [2024-05-05T17:47:51.793Z] <<< [apiv2][status] POST https://www.googleapis.com/oauth2/v3/token 200
[debug] [2024-05-05T17:47:51.793Z] <<< [apiv2][body] POST https://www.googleapis.com/oauth2/v3/token [omitted]
[debug] [2024-05-05T17:47:51.809Z] >>> [apiv2][query] POST https://cloudresourcemanager.googleapis.com/v1/projects/adnanal-emran:testIamPermissions [none]
[debug] [2024-05-05T17:47:51.809Z] >>> [apiv2][(partial)header] POST https://cloudresourcemanager.googleapis.com/v1/projects/adnanal-emran:testIamPermissions x-goog-quota-user=projects/adnanal-emran
[debug] [2024-05-05T17:47:51.809Z] >>> [apiv2][body] POST https://cloudresourcemanager.googleapis.com/v1/projects/adnanal-emran:testIamPermissions {"permissions":["firebase.projects.get","firebasehosting.sites.update"]}
[debug] [2024-05-05T17:47:52.205Z] <<< [apiv2][status] GET https://firebase-public.firebaseio.com/cli.json 200
[debug] [2024-05-05T17:47:52.205Z] <<< [apiv2][body] GET https://firebase-public.firebaseio.com/cli.json {"cloudBuildErrorAfter":1594252800000,"cloudBuildWarnAfter":1590019200000,"defaultNode10After":1594252800000,"minVersion":"3.0.5","node8DeploysDisabledAfter":1613390400000,"node8RuntimeDisabledAfter":1615809600000,"node8WarnAfter":1600128000000}
[debug] [2024-05-05T17:47:53.363Z] <<< [apiv2][status] POST https://cloudresourcemanager.googleapis.com/v1/projects/adnanal-emran:testIamPermissions 200
[debug] [2024-05-05T17:47:53.363Z] <<< [apiv2][body] POST https://cloudresourcemanager.googleapis.com/v1/projects/adnanal-emran:testIamPermissions {}
[debug] [2024-05-05T17:47:53.363Z] [iam] error while checking permissions, command may fail: FirebaseError: Authorization failed. This account is missing the following required permissions on project adnanal-emran:

  firebase.projects.get
  firebasehosting.sites.update
[debug] [2024-05-05T17:47:53.364Z] >>> [apiv2][query] GET https://firebase.googleapis.com/v1beta1/projects/adnanal-emran [none]
[debug] [2024-05-05T17:47:53.918Z] <<< [apiv2][status] GET https://firebase.googleapis.com/v1beta1/projects/adnanal-emran 403
[debug] [2024-05-05T17:47:53.919Z] <<< [apiv2][body] GET https://firebase.googleapis.com/v1beta1/projects/adnanal-emran {"error":{"code":403,"message":"The caller does not have permission","status":"PERMISSION_DENIED"}}
[debug] [2024-05-05T17:47:53.920Z] HTTP Error: 403, The caller does not have permission
[error] 
[error] Error: Assertion failed: resolving hosting target of a site with no site name or target name. This should have caused an error earlier
